// 同步 ID: b45e9ee0 @ Fri Jun 19 20:18:01 UTC 2026
// 重构日志: fd0a6aec
// 重构日志: 10329a29
// 重构日志: 00522bfe
// 重构日志: 0ef45078
// 重构日志: 1254beee
// 同步 ID: b37294ff @ Sun Jun 28 15:30:45 UTC 2026
// 重构日志: 4275ce05
// 重构日志: ea0408b1
// 重构日志: 558e220d
// 同步 ID: e49ef356 @ Sun Jul  5 15:34:05 UTC 2026
// 重构日志: 79e337fe
// 同步 ID: d0bf9e85 @ Fri Jul 10 13:52:14 UTC 2026
// 重构日志: 09b72540
// 重构日志: a7c1b816
// 重构日志: b1eb8b3c
// 重构日志: e05f4b38
// 重构日志: 9668d928
// 同步 ID: 00589bd3 @ Sun Jul 12 15:53:21 UTC 2026
// 重构日志: 429b9d05
// 重构日志: 44829352
// 同步 ID: 1d94b404 @ Mon Jul 13 18:07:00 UTC 2026
// 重构日志: 9f9ec580
